2022-09-18 11:20:58,639 [INFO] Activator:177 - 


2022-09-18 11:20:58,645 [INFO] Activator:178 - !SESSION log4j initialized
2022-09-18 11:21:02,184 [ERROR] ApiDbMcu:1508 - Can't use Application install path:
2022-09-18 11:21:04,477 [WARN] RulesReader:59 - Compatibility file://mcu/compatibility.xml not found
2022-09-18 11:21:38,557 [INFO] McuFinderGlobals:39 - Set McuFinder mode to 2 (CubeIDE integrated)
2022-09-18 11:21:38,707 [INFO] ApplicationProperties:181 - Using Application install path: C:\ST\STM32CubeIDE_1.7.0\STM32CubeIDE\plugins\com.st.stm32cube.common.mx_6.3.0.202107141111
2022-09-18 11:21:38,717 [INFO] DbMcusXml:74 - Set database path to: C:\ST\STM32CubeIDE_1.7.0\STM32CubeIDE\plugins\com.st.stm32cube.common.mx_6.3.0.202107141111\\db\/mcu/
2022-09-18 11:21:38,725 [INFO] DbBoardsPdsc:56 - Set plugin database path to: C:\ST\STM32CubeIDE_1.7.0\STM32CubeIDE\plugins\com.st.stm32cube.common.mx_6.3.0.202107141111\\db\/plugins/boardmanager/
2022-09-18 11:21:38,726 [INFO] DbMcus:258 - Set plugin images path to: C:\ST\STM32CubeIDE_1.7.0\STM32CubeIDE\plugins\com.st.stm32cube.common.mx_6.3.0.202107141111\\db\/plugins/mcufinder/images/
2022-09-18 11:21:38,726 [INFO] DbBoards:264 - Set plugin images path to: C:\ST\STM32CubeIDE_1.7.0\STM32CubeIDE\plugins\com.st.stm32cube.common.mx_6.3.0.202107141111\\db\/plugins/mcufinder/images/
2022-09-18 11:21:38,729 [INFO] DbExamples:333 - Set plugin images path to: C:\ST\STM32CubeIDE_1.7.0\STM32CubeIDE\plugins\com.st.stm32cube.common.mx_6.3.0.202107141111\\db\/plugins/mcufinder/images/
2022-09-18 11:21:38,736 [INFO] DbMcusAds:119 - Set database path to: C:\Users\Minh Duc Quach\.stmcufinder\plugins\mcufinder//mcu/
2022-09-18 11:21:38,738 [INFO] DbMcusDocs:110 - Set database path to: C:\Users\Minh Duc Quach\.stmcufinder\plugins\mcufinder//mcu/
2022-09-18 11:21:38,740 [INFO] DbMcusJson:64 - Set database path to: C:\Users\Minh Duc Quach\.stmcufinder\plugins\mcufinder//mcu/
2022-09-18 11:21:38,741 [INFO] DbBoardsDocs:110 - Set database path to: C:\Users\Minh Duc Quach\.stmcufinder\plugins\mcufinder//mcu/
2022-09-18 11:21:38,743 [INFO] DbBoardsJson:57 - Set database path to: C:\Users\Minh Duc Quach\.stmcufinder\plugins\mcufinder//mcu/
2022-09-18 11:21:39,671 [INFO] CrossReferenceDbSqlite:196 - Set database path to: C:\Users\Minh Duc Quach\.stmcufinder\plugins\mcufinder//mcu/cs/
2022-09-18 11:21:39,676 [INFO] DbExamplesSqlite:767 - Set database path to: C:\Users\Minh Duc Quach\.stmcufinder\plugins\mcufinder//mcu/
2022-09-18 11:21:39,792 [INFO] DbMcusXml:74 - Set database path to: C:\ST\STM32CubeIDE_1.7.0\STM32CubeIDE\plugins\com.st.stm32cube.common.mx_6.3.0.202107141111\\db\/mcu/
2022-09-18 11:21:39,792 [INFO] DbBoardsPdsc:56 - Set plugin database path to: C:\ST\STM32CubeIDE_1.7.0\STM32CubeIDE\plugins\com.st.stm32cube.common.mx_6.3.0.202107141111\\db\/plugins/boardmanager/
2022-09-18 11:21:39,792 [INFO] DbMcus:258 - Set plugin images path to: C:\ST\STM32CubeIDE_1.7.0\STM32CubeIDE\plugins\com.st.stm32cube.common.mx_6.3.0.202107141111\\db\/plugins/mcufinder/images/
2022-09-18 11:21:39,792 [INFO] DbBoards:264 - Set plugin images path to: C:\ST\STM32CubeIDE_1.7.0\STM32CubeIDE\plugins\com.st.stm32cube.common.mx_6.3.0.202107141111\\db\/plugins/mcufinder/images/
2022-09-18 11:21:39,792 [INFO] DbExamples:333 - Set plugin images path to: C:\ST\STM32CubeIDE_1.7.0\STM32CubeIDE\plugins\com.st.stm32cube.common.mx_6.3.0.202107141111\\db\/plugins/mcufinder/images/
2022-09-18 11:21:39,793 [WARN] DbFile:35 - Overriding database path with different value: C:\Users\Minh Duc Quach\.stmcufinder\plugins\mcufinder/ => C:\Users\Minh Duc Quach\.stmcufinder\plugins\mcufinder
2022-09-18 11:21:39,793 [INFO] DbMcusAds:119 - Set database path to: C:\Users\Minh Duc Quach\.stmcufinder\plugins\mcufinder//mcu/
2022-09-18 11:21:39,793 [WARN] DbFile:35 - Overriding database path with different value: C:\Users\Minh Duc Quach\.stmcufinder\plugins\mcufinder/ => C:\Users\Minh Duc Quach\.stmcufinder\plugins\mcufinder
2022-09-18 11:21:39,793 [INFO] DbMcusDocs:110 - Set database path to: C:\Users\Minh Duc Quach\.stmcufinder\plugins\mcufinder//mcu/
2022-09-18 11:21:39,793 [WARN] DbFile:35 - Overriding database path with different value: C:\Users\Minh Duc Quach\.stmcufinder\plugins\mcufinder/ => C:\Users\Minh Duc Quach\.stmcufinder\plugins\mcufinder
2022-09-18 11:21:39,794 [INFO] DbMcusJson:64 - Set database path to: C:\Users\Minh Duc Quach\.stmcufinder\plugins\mcufinder//mcu/
2022-09-18 11:21:39,794 [WARN] DbFile:35 - Overriding database path with different value: C:\Users\Minh Duc Quach\.stmcufinder\plugins\mcufinder/ => C:\Users\Minh Duc Quach\.stmcufinder\plugins\mcufinder
2022-09-18 11:21:39,794 [INFO] DbBoardsDocs:110 - Set database path to: C:\Users\Minh Duc Quach\.stmcufinder\plugins\mcufinder//mcu/
2022-09-18 11:21:39,794 [WARN] DbFile:35 - Overriding database path with different value: C:\Users\Minh Duc Quach\.stmcufinder\plugins\mcufinder/ => C:\Users\Minh Duc Quach\.stmcufinder\plugins\mcufinder
2022-09-18 11:21:39,794 [INFO] DbBoardsJson:57 - Set database path to: C:\Users\Minh Duc Quach\.stmcufinder\plugins\mcufinder//mcu/
2022-09-18 11:21:39,794 [WARN] DbFile:35 - Overriding database path with different value: C:\Users\Minh Duc Quach\.stmcufinder\plugins\mcufinder/ => C:\Users\Minh Duc Quach\.stmcufinder\plugins\mcufinder
2022-09-18 11:21:39,794 [WARN] DbFile:35 - Overriding database path with different value: C:\Users\Minh Duc Quach\.stmcufinder\plugins\mcufinder/ => C:\Users\Minh Duc Quach\.stmcufinder\plugins\mcufinder
2022-09-18 11:21:40,673 [INFO] CrossReferenceDbSqlite:196 - Set database path to: C:\Users\Minh Duc Quach\.stmcufinder\plugins\mcufinder//mcu/cs/
2022-09-18 11:21:40,674 [WARN] DbFile:35 - Overriding database path with different value: C:\Users\Minh Duc Quach\.stmcufinder\plugins\mcufinder/ => C:\Users\Minh Duc Quach\.stmcufinder\plugins\mcufinder
2022-09-18 11:21:40,674 [INFO] DbExamplesSqlite:767 - Set database path to: C:\Users\Minh Duc Quach\.stmcufinder\plugins\mcufinder//mcu/
2022-09-18 11:21:40,775 [INFO] MainPanel:214 - HeapMemory: 268435456
2022-09-18 11:21:40,890 [INFO] DbMcusXml:74 - Set database path to: C:\ST\STM32CubeIDE_1.7.0\STM32CubeIDE\plugins\com.st.stm32cube.common.mx_6.3.0.202107141111\\db\/mcu/
2022-09-18 11:21:40,890 [INFO] DbBoardsPdsc:56 - Set plugin database path to: C:\ST\STM32CubeIDE_1.7.0\STM32CubeIDE\plugins\com.st.stm32cube.common.mx_6.3.0.202107141111\\db\/plugins/boardmanager/
2022-09-18 11:21:40,890 [INFO] DbMcus:258 - Set plugin images path to: C:\ST\STM32CubeIDE_1.7.0\STM32CubeIDE\plugins\com.st.stm32cube.common.mx_6.3.0.202107141111\\db\/plugins/mcufinder/images/
2022-09-18 11:21:40,890 [INFO] DbBoards:264 - Set plugin images path to: C:\ST\STM32CubeIDE_1.7.0\STM32CubeIDE\plugins\com.st.stm32cube.common.mx_6.3.0.202107141111\\db\/plugins/mcufinder/images/
2022-09-18 11:21:40,890 [INFO] DbExamples:333 - Set plugin images path to: C:\ST\STM32CubeIDE_1.7.0\STM32CubeIDE\plugins\com.st.stm32cube.common.mx_6.3.0.202107141111\\db\/plugins/mcufinder/images/
2022-09-18 11:21:40,891 [WARN] DbFile:35 - Overriding database path with different value: C:\Users\Minh Duc Quach\.stmcufinder\plugins\mcufinder/ => C:\Users\Minh Duc Quach\.stmcufinder\plugins\mcufinder
2022-09-18 11:21:40,891 [INFO] DbMcusAds:119 - Set database path to: C:\Users\Minh Duc Quach\.stmcufinder\plugins\mcufinder//mcu/
2022-09-18 11:21:40,891 [WARN] DbFile:35 - Overriding database path with different value: C:\Users\Minh Duc Quach\.stmcufinder\plugins\mcufinder/ => C:\Users\Minh Duc Quach\.stmcufinder\plugins\mcufinder
2022-09-18 11:21:40,892 [INFO] DbMcusDocs:110 - Set database path to: C:\Users\Minh Duc Quach\.stmcufinder\plugins\mcufinder//mcu/
2022-09-18 11:21:40,892 [WARN] DbFile:35 - Overriding database path with different value: C:\Users\Minh Duc Quach\.stmcufinder\plugins\mcufinder/ => C:\Users\Minh Duc Quach\.stmcufinder\plugins\mcufinder
2022-09-18 11:21:40,892 [INFO] DbMcusJson:64 - Set database path to: C:\Users\Minh Duc Quach\.stmcufinder\plugins\mcufinder//mcu/
2022-09-18 11:21:40,892 [WARN] DbFile:35 - Overriding database path with different value: C:\Users\Minh Duc Quach\.stmcufinder\plugins\mcufinder/ => C:\Users\Minh Duc Quach\.stmcufinder\plugins\mcufinder
2022-09-18 11:21:40,892 [INFO] DbBoardsDocs:110 - Set database path to: C:\Users\Minh Duc Quach\.stmcufinder\plugins\mcufinder//mcu/
2022-09-18 11:21:40,892 [WARN] DbFile:35 - Overriding database path with different value: C:\Users\Minh Duc Quach\.stmcufinder\plugins\mcufinder/ => C:\Users\Minh Duc Quach\.stmcufinder\plugins\mcufinder
2022-09-18 11:21:40,892 [INFO] DbBoardsJson:57 - Set database path to: C:\Users\Minh Duc Quach\.stmcufinder\plugins\mcufinder//mcu/
2022-09-18 11:21:40,892 [WARN] DbFile:35 - Overriding database path with different value: C:\Users\Minh Duc Quach\.stmcufinder\plugins\mcufinder/ => C:\Users\Minh Duc Quach\.stmcufinder\plugins\mcufinder
2022-09-18 11:21:40,893 [WARN] DbFile:35 - Overriding database path with different value: C:\Users\Minh Duc Quach\.stmcufinder\plugins\mcufinder/ => C:\Users\Minh Duc Quach\.stmcufinder\plugins\mcufinder
2022-09-18 11:21:41,677 [INFO] CrossReferenceDbSqlite:196 - Set database path to: C:\Users\Minh Duc Quach\.stmcufinder\plugins\mcufinder//mcu/cs/
2022-09-18 11:21:41,678 [WARN] DbFile:35 - Overriding database path with different value: C:\Users\Minh Duc Quach\.stmcufinder\plugins\mcufinder/ => C:\Users\Minh Duc Quach\.stmcufinder\plugins\mcufinder
2022-09-18 11:21:41,678 [INFO] DbExamplesSqlite:767 - Set database path to: C:\Users\Minh Duc Quach\.stmcufinder\plugins\mcufinder//mcu/
2022-09-18 11:21:41,715 [INFO] ApplicationProperties:181 - Using Application install path: C:\ST\STM32CubeIDE_1.7.0\STM32CubeIDE\plugins\com.st.stm32cube.common.mx_6.3.0.202107141111
2022-09-18 11:21:41,717 [INFO] PluginManage:188 - Search for loadable plugins [exclusion list=, ]
2022-09-18 11:21:41,720 [INFO] PluginManage:302 - Check plugin analytics
2022-09-18 11:21:42,903 [INFO] AnalyticsPlugin:257 - Accepted Software Licenses: 
2022-09-18 11:21:42,906 [INFO] AnalyticsPlugin:259 - Accepted CMSIS Pack Licenses: 
2022-09-18 11:21:42,907 [INFO] AnalyticsPlugin:261 - Accepted Firmware Licenses: 
2022-09-18 11:21:42,907 [INFO] PluginManage:352 - Loaded plugin analytics (category:tool,tabindex:-1)
2022-09-18 11:21:42,908 [INFO] PluginManage:302 - Check plugin clock
2022-09-18 11:21:42,956 [INFO] PluginManage:352 - Loaded plugin clock (category:base,tabindex:2)
2022-09-18 11:21:42,956 [INFO] PluginManage:302 - Check plugin ddr
2022-09-18 11:21:42,962 [INFO] PluginManage:352 - Loaded plugin ddr (category:tool,tabindex:6)
2022-09-18 11:21:42,963 [INFO] PluginManage:302 - Check plugin filemanager
2022-09-18 11:21:43,213 [INFO] PluginManage:352 - Loaded plugin filemanager (category:base,tabindex:10)
2022-09-18 11:21:43,213 [INFO] PluginManage:302 - Check plugin ipmanager
2022-09-18 11:21:43,224 [INFO] PluginManage:352 - Loaded plugin ipmanager (category:base,tabindex:5)
2022-09-18 11:21:43,224 [INFO] PluginManage:302 - Check plugin pinoutandconfiguration
2022-09-18 11:21:43,235 [INFO] PluginManage:352 - Loaded plugin pinoutandconfiguration (category:base,tabindex:1)
2022-09-18 11:21:43,235 [INFO] PluginManage:302 - Check plugin pinoutconfig
2022-09-18 11:21:43,271 [INFO] PluginManage:352 - Loaded plugin pinoutconfig (category:base,tabindex:0)
2022-09-18 11:21:43,271 [INFO] PluginManage:302 - Check plugin power
2022-09-18 11:21:43,285 [INFO] PluginManage:352 - Loaded plugin power (category:power,tabindex:4)
2022-09-18 11:21:43,285 [INFO] PluginManage:302 - Check plugin projectmanager
2022-09-18 11:21:43,309 [INFO] PluginManage:352 - Loaded plugin projectmanager (category:projectmanager,tabindex:3)
2022-09-18 11:21:43,309 [INFO] PluginManage:302 - Check plugin thirdparty
2022-09-18 11:21:43,478 [WARN] IntegrityCheckThread:78 - waiting for thirdparty lock release [integrity check]
2022-09-18 11:21:43,479 [INFO] IntegrityCheckThread:80 - entering critical section [integrity check]
2022-09-18 11:21:43,479 [INFO] PluginManage:352 - Loaded plugin thirdparty (category:base,tabindex:-1)
2022-09-18 11:21:43,479 [INFO] ThirdPartyUpdaterWithRetryManager:66 - Updater plugin not ready yet. [1/15]
2022-09-18 11:21:43,479 [INFO] PluginManage:302 - Check plugin tools
2022-09-18 11:21:43,482 [INFO] PluginManage:352 - Loaded plugin tools (category:base,tabindex:7)
2022-09-18 11:21:43,482 [INFO] PluginManage:302 - Check plugin tutovideos
2022-09-18 11:21:43,760 [INFO] PluginManage:352 - Loaded plugin tutovideos (category:base,tabindex:-1)
2022-09-18 11:21:43,761 [INFO] PluginManage:302 - Check plugin updater
2022-09-18 11:21:43,774 [INFO] PluginManage:352 - Loaded plugin updater (category:base,tabindex:12)
2022-09-18 11:21:43,775 [INFO] PluginManage:275 - PluginManage : Loaded plugins [13]
2022-09-18 11:21:44,020 [INFO] PinOutPanel:1463 - setPackage(No Configuration,No Configuration)
2022-09-18 11:21:44,135 [INFO] IPUIPlugin:74 - create IPUIPlugin
2022-09-18 11:21:44,135 [INFO] PluginManager:213 - loadIPPluginJar : add adc
2022-09-18 11:21:44,138 [INFO] IPUIPlugin:74 - create IPUIPlugin
2022-09-18 11:21:44,139 [INFO] PluginManager:213 - loadIPPluginJar : add aes
2022-09-18 11:21:44,141 [INFO] IPUIPlugin:74 - create IPUIPlugin
2022-09-18 11:21:44,142 [INFO] PluginManager:213 - loadIPPluginJar : add can
2022-09-18 11:21:44,143 [INFO] IPUIPlugin:74 - create IPUIPlugin
2022-09-18 11:21:44,144 [INFO] PluginManager:213 - loadIPPluginJar : add comp
2022-09-18 11:21:44,148 [INFO] IPUIPlugin:74 - create IPUIPlugin
2022-09-18 11:21:44,148 [INFO] PluginManager:213 - loadIPPluginJar : add cryp
2022-09-18 11:21:44,153 [INFO] IPUIPlugin:74 - create IPUIPlugin
2022-09-18 11:21:44,153 [INFO] PluginManager:213 - loadIPPluginJar : add dfsdm
2022-09-18 11:21:44,161 [INFO] IPUIPlugin:74 - create IPUIPlugin
2022-09-18 11:21:44,162 [INFO] PluginManager:213 - loadIPPluginJar : add dma
2022-09-18 11:21:44,167 [INFO] IPUIPlugin:74 - create IPUIPlugin
2022-09-18 11:21:44,167 [INFO] PluginManager:213 - loadIPPluginJar : add dma3
2022-09-18 11:21:44,169 [INFO] IPUIPlugin:74 - create IPUIPlugin
2022-09-18 11:21:44,169 [INFO] PluginManager:213 - loadIPPluginJar : add fatfs
2022-09-18 11:21:44,176 [INFO] IPUIPlugin:74 - create IPUIPlugin
2022-09-18 11:21:44,176 [INFO] PluginManager:213 - loadIPPluginJar : add fmc
2022-09-18 11:21:44,183 [INFO] IPUIPlugin:74 - create IPUIPlugin
2022-09-18 11:21:44,183 [INFO] PluginManager:213 - loadIPPluginJar : add freertos
2022-09-18 11:21:44,185 [INFO] IPUIPlugin:74 - create IPUIPlugin
2022-09-18 11:21:44,186 [INFO] PluginManager:213 - loadIPPluginJar : add genericplugin
2022-09-18 11:21:44,189 [INFO] IPUIPlugin:74 - create IPUIPlugin
2022-09-18 11:21:44,189 [INFO] PluginManager:213 - loadIPPluginJar : add gfxmmu
2022-09-18 11:21:44,196 [INFO] IPUIPlugin:74 - create IPUIPlugin
2022-09-18 11:21:44,196 [INFO] PluginManager:213 - loadIPPluginJar : add gic
2022-09-18 11:21:44,201 [INFO] IPUIPlugin:74 - create IPUIPlugin
2022-09-18 11:21:44,201 [INFO] PluginManager:213 - loadIPPluginJar : add gpio
2022-09-18 11:21:44,204 [INFO] IPUIPlugin:74 - create IPUIPlugin
2022-09-18 11:21:44,204 [INFO] PluginManager:213 - loadIPPluginJar : add gtzc
2022-09-18 11:21:44,207 [INFO] IPUIPlugin:74 - create IPUIPlugin
2022-09-18 11:21:44,207 [INFO] PluginManager:213 - loadIPPluginJar : add hash
2022-09-18 11:21:44,210 [INFO] IPUIPlugin:74 - create IPUIPlugin
2022-09-18 11:21:44,211 [INFO] PluginManager:213 - loadIPPluginJar : add i2c
2022-09-18 11:21:44,214 [INFO] IPUIPlugin:74 - create IPUIPlugin
2022-09-18 11:21:44,214 [INFO] PluginManager:213 - loadIPPluginJar : add i2s
2022-09-18 11:21:44,219 [INFO] IPUIPlugin:74 - create IPUIPlugin
2022-09-18 11:21:44,219 [INFO] PluginManager:213 - loadIPPluginJar : add ipddr
2022-09-18 11:21:44,229 [INFO] IPUIPlugin:74 - create IPUIPlugin
2022-09-18 11:21:44,229 [INFO] PluginManager:213 - loadIPPluginJar : add linkedlist
2022-09-18 11:21:44,233 [INFO] IPUIPlugin:74 - create IPUIPlugin
2022-09-18 11:21:44,233 [INFO] PluginManager:213 - loadIPPluginJar : add lorawan
2022-09-18 11:21:44,235 [INFO] IPUIPlugin:74 - create IPUIPlugin
2022-09-18 11:21:44,236 [INFO] PluginManager:213 - loadIPPluginJar : add ltdc
2022-09-18 11:21:44,241 [INFO] IPUIPlugin:74 - create IPUIPlugin
2022-09-18 11:21:44,241 [INFO] PluginManager:213 - loadIPPluginJar : add mdma
2022-09-18 11:21:44,247 [INFO] IPUIPlugin:74 - create IPUIPlugin
2022-09-18 11:21:44,247 [INFO] PluginManager:213 - loadIPPluginJar : add nvic
2022-09-18 11:21:44,251 [INFO] IPUIPlugin:74 - create IPUIPlugin
2022-09-18 11:21:44,251 [INFO] PluginManager:213 - loadIPPluginJar : add opamp
2022-09-18 11:21:44,255 [INFO] IPUIPlugin:74 - create IPUIPlugin
2022-09-18 11:21:44,255 [INFO] PluginManager:213 - loadIPPluginJar : add openamp
2022-09-18 11:21:44,260 [INFO] IPUIPlugin:74 - create IPUIPlugin
2022-09-18 11:21:44,260 [INFO] PluginManager:213 - loadIPPluginJar : add pdm2pcm
2022-09-18 11:21:44,270 [INFO] IPUIPlugin:74 - create IPUIPlugin
2022-09-18 11:21:44,274 [INFO] PluginManager:213 - loadIPPluginJar : add plateformsettings
2022-09-18 11:21:44,277 [INFO] IPUIPlugin:74 - create IPUIPlugin
2022-09-18 11:21:44,277 [INFO] PluginManager:213 - loadIPPluginJar : add quadspi
2022-09-18 11:21:44,283 [INFO] IPUIPlugin:74 - create IPUIPlugin
2022-09-18 11:21:44,284 [INFO] PluginManager:213 - loadIPPluginJar : add resmgrutility
2022-09-18 11:21:44,289 [INFO] IPUIPlugin:74 - create IPUIPlugin
2022-09-18 11:21:44,290 [INFO] PluginManager:213 - loadIPPluginJar : add sai
2022-09-18 11:21:44,293 [INFO] IPUIPlugin:74 - create IPUIPlugin
2022-09-18 11:21:44,293 [INFO] PluginManager:213 - loadIPPluginJar : add spi
2022-09-18 11:21:44,298 [INFO] IPUIPlugin:74 - create IPUIPlugin
2022-09-18 11:21:44,299 [INFO] PluginManager:213 - loadIPPluginJar : add stm32_wpan
2022-09-18 11:21:44,302 [INFO] IPUIPlugin:74 - create IPUIPlugin
2022-09-18 11:21:44,302 [INFO] PluginManager:213 - loadIPPluginJar : add tim
2022-09-18 11:21:44,307 [INFO] IPUIPlugin:74 - create IPUIPlugin
2022-09-18 11:21:44,307 [INFO] PluginManager:213 - loadIPPluginJar : add touchsensing
2022-09-18 11:21:44,310 [INFO] IPUIPlugin:74 - create IPUIPlugin
2022-09-18 11:21:44,310 [INFO] PluginManager:213 - loadIPPluginJar : add tracer_emb
2022-09-18 11:21:44,312 [INFO] IPUIPlugin:74 - create IPUIPlugin
2022-09-18 11:21:44,313 [INFO] PluginManager:213 - loadIPPluginJar : add ts
2022-09-18 11:21:44,315 [INFO] IPUIPlugin:74 - create IPUIPlugin
2022-09-18 11:21:44,315 [INFO] PluginManager:213 - loadIPPluginJar : add tsc
2022-09-18 11:21:44,317 [INFO] IPUIPlugin:74 - create IPUIPlugin
2022-09-18 11:21:44,318 [INFO] PluginManager:213 - loadIPPluginJar : add ucpd
2022-09-18 11:21:44,321 [INFO] IPUIPlugin:74 - create IPUIPlugin
2022-09-18 11:21:44,321 [INFO] PluginManager:213 - loadIPPluginJar : add usart
2022-09-18 11:21:44,340 [INFO] IPUIPlugin:74 - create IPUIPlugin
2022-09-18 11:21:44,340 [INFO] PluginManager:213 - loadIPPluginJar : add usbx
2022-09-18 11:21:44,682 [FATAL] Updater:294 - Updater called before beeing initialized
2022-09-18 11:21:44,814 [FATAL] Updater:294 - Updater called before beeing initialized
2022-09-18 11:21:44,820 [INFO] DbMcusAds:47 - JSON generation date=Thu Sep 30 13:55:09 ICT 2021 (1632984909265)
2022-09-18 11:21:44,820 [FATAL] Updater:294 - Updater called before beeing initialized
2022-09-18 11:21:44,866 [WARN] DetailPanel:314 - Failed to get advertising image, set to default
2022-09-18 11:21:44,996 [FATAL] Updater:294 - Updater called before beeing initialized
2022-09-18 11:21:44,998 [FATAL] Updater:294 - Updater called before beeing initialized
2022-09-18 11:21:44,998 [FATAL] Updater:294 - Updater called before beeing initialized
2022-09-18 11:21:44,999 [WARN] DetailPanel:314 - Failed to get advertising image, set to default
2022-09-18 11:21:45,001 [FATAL] Updater:294 - Updater called before beeing initialized
2022-09-18 11:21:45,073 [ERROR] Updater:1075 - MainUpdater not yet initialized. External WinMGr cannot be set.
2022-09-18 11:21:45,075 [INFO] Updater:1012 - Updater Version found : 6.3.0
2022-09-18 11:21:45,096 [INFO] ApplicationProperties:181 - Using Application install path: C:\ST\STM32CubeIDE_1.7.0\STM32CubeIDE\plugins\com.st.stm32cube.common.mx_6.3.0.202107141111
2022-09-18 11:21:45,564 [INFO] MainUpdater:2671 - connection check result : 10
2022-09-18 11:21:45,566 [INFO] MainUpdater:265 - Updater Check For Update Now.
2022-09-18 11:21:45,566 [INFO] MicroXplorer:478 - Change Database Version : DB.6.0.30
2022-09-18 11:21:45,810 [INFO] CheckServerUpdateThread:112 - End of CheckServer Thread
2022-09-18 11:21:45,902 [INFO] MainUpdater:2671 - connection check result : 10
2022-09-18 11:21:46,257 [INFO] McuFinderGlobals:52 - Set McuFinderConnectedMode to false
2022-09-18 11:21:46,390 [INFO] CrossSelectorPresenter:1330 - Cross Selector saved comparison directory: C:\Users\Minh Duc Quach\.stmcufinder\plugins\mcufinder\mcu\cs_comparisons_mx
2022-09-18 11:21:46,396 [INFO] MultiScanPanel:197 - Auto-refresh data requested => check proxy status ongoing
2022-09-18 11:21:46,397 [INFO] MultiScanPanel:201 - Proxy status is invalid
2022-09-18 11:21:46,402 [INFO] FinderPluginLoader:87 - Searching for filters in installed packs
2022-09-18 11:21:46,403 [INFO] DbMcusXml:100 - Load MCU database from C:\ST\STM32CubeIDE_1.7.0\STM32CubeIDE\plugins\com.st.stm32cube.common.mx_6.3.0.202107141111\\db\/mcu/families.xml
2022-09-18 11:21:46,700 [WARN] PackLoader:238 - Cannot read IP mode file for STMicroelectronics.X-CUBE-GNSS1.6.0.0
2022-09-18 11:21:46,862 [WARN] PackLoader:238 - Cannot read IP mode file for STMicroelectronics.X-CUBE-AZRTOS-F4.1.1.0
2022-09-18 11:21:47,088 [WARN] PackLoader:238 - Cannot read IP mode file for STMicroelectronics.X-CUBE-AZRTOS-F7.1.1.0
2022-09-18 11:21:47,124 [WARN] PackLoader:238 - Cannot read IP mode file for STMicroelectronics.X-CUBE-BLE1.6.2.3
2022-09-18 11:21:47,175 [WARN] PackLoader:238 - Cannot read IP mode file for STMicroelectronics.X-CUBE-NFC4.2.0.4
2022-09-18 11:21:47,228 [WARN] PackLoader:238 - Cannot read IP mode file for STMicroelectronics.X-CUBE-TOF1.3.1.0
2022-09-18 11:21:47,252 [WARN] PackLoader:238 - Cannot read IP mode file for wolfSSL.I-CUBE-wolfSSL.5.5.0
2022-09-18 11:21:47,274 [WARN] PackLoader:238 - Cannot read IP mode file for STMicroelectronics.X-CUBE-NFC7.1.0.0
2022-09-18 11:21:47,453 [WARN] PackLoader:238 - Cannot read IP mode file for STMicroelectronics.X-CUBE-MEMS1.9.3.0
2022-09-18 11:21:48,015 [WARN] PackLoader:238 - Cannot read IP mode file for STMicroelectronics.X-CUBE-AI.7.2.0
2022-09-18 11:21:48,056 [WARN] PackLoader:238 - Cannot read IP mode file for STMicroelectronics.X-CUBE-SFXS2LP1.4.0.0
2022-09-18 11:21:48,084 [WARN] PackLoader:238 - Cannot read IP mode file for STMicroelectronics.X-CUBE-BLE2.3.3.0
2022-09-18 11:21:48,123 [WARN] PackLoader:238 - Cannot read IP mode file for STMicroelectronics.X-CUBE-DISPLAY.2.2.0
2022-09-18 11:21:48,144 [WARN] PackLoader:238 - Cannot read IP mode file for STMicroelectronics.X-CUBE-ISPU.1.0.0
2022-09-18 11:21:48,188 [WARN] PackLoader:238 - Cannot read IP mode file for RoweBots.I-CUBE-UNISONRTOS.5.5.0-4
2022-09-18 11:21:48,330 [WARN] PackLoader:238 - Cannot read IP mode file for STMicroelectronics.X-CUBE-AZRTOS-H7.2.1.0
2022-09-18 11:21:48,354 [WARN] PackLoader:238 - Cannot read IP mode file for STMicroelectronics.X-CUBE-BLEMGR.1.0.0
2022-09-18 11:21:48,393 [WARN] PackLoader:238 - Cannot read IP mode file for STMicroelectronics.X-CUBE-ALGOBUILD.1.3.0
2022-09-18 11:21:48,458 [WARN] PackLoader:238 - Cannot read IP mode file for STMicroelectronics.X-CUBE-AZRTOS-G0.1.1.0
2022-09-18 11:21:48,486 [WARN] PackLoader:238 - Cannot read IP mode file for STMicroelectronics.X-CUBE-SUBG2.5.0.0
2022-09-18 11:21:48,656 [WARN] PackLoader:238 - Cannot read IP mode file for SEGGER.I-CUBE-embOS.1.2.0
2022-09-18 11:21:48,900 [WARN] PackLoader:238 - Cannot read IP mode file for STMicroelectronics.FP-ATR-ASTRA1.1.1.1
2022-09-18 11:21:49,008 [WARN] PackLoader:238 - Cannot read IP mode file for STMicroelectronics.X-CUBE-AZRTOS-G4.1.0.0
2022-09-18 11:21:49,174 [WARN] PackLoader:238 - Cannot read IP mode file for STMicroelectronics.X-CUBE-AZRTOS-L4.1.0.0
2022-09-18 11:21:49,177 [INFO] DbMcusJson:93 - JSON generation date=Tue Nov 16 23:17:54 ICT 2021 (1637079474)
2022-09-18 11:21:49,202 [WARN] PackLoader:238 - Cannot read IP mode file for emotas.I-CUBE-CANOPEN.1.1.2
2022-09-18 11:21:49,211 [WARN] PackLoader:238 - Cannot read IP mode file for STMicroelectronics.X-CUBE-TOUCHGFX.4.20.0
2022-09-18 11:21:49,243 [WARN] PackLoader:238 - Cannot read IP mode file for STMicroelectronics.X-CUBE-AZRTOS-WL.1.0.0
2022-09-18 11:21:49,261 [WARN] PackLoader:238 - Cannot read IP mode file for portGmbH.I-Cube-SoM-uGOAL.1.1.0
2022-09-18 11:21:49,270 [WARN] PackLoader:238 - Cannot read IP mode file for STMicroelectronics.X-CUBE-ALS.1.0.1
2022-09-18 11:21:49,359 [WARN] PackLoader:238 - Cannot read IP mode file for STMicroelectronics.X-CUBE-AZRTOS-L5.1.0.0
2022-09-18 11:21:49,378 [WARN] PackLoader:238 - Cannot read IP mode file for STMicroelectronics.X-CUBE-EEPRMA1.3.1.1
2022-09-18 11:21:49,382 [INFO] ThirdParty:915 - Integrity check success = true
2022-09-18 11:21:49,382 [INFO] IntegrityCheckThread:94 - exiting critical section [integrity check]
2022-09-18 11:21:49,382 [INFO] IntegrityCheckThread:97 - End integrity checks thread
2022-09-18 11:21:50,956 [INFO] DbMcus:175 - Found 1951 MCUs (1903 are supported by CubeMX, 1914 are visible in CubeMX)
2022-09-18 11:21:50,957 [INFO] ApiDb:251 - Load user favorites file C:\Users\Minh Duc Quach/.stm32cubeide/favorites.mcus.txt: 0 item(s)
2022-09-18 11:21:50,957 [INFO] ApiDb:255 - User favorites MCUs=[]
2022-09-18 11:21:50,957 [INFO] DbMcus:187 - Set 0 / 0 favorites MCUs
2022-09-18 11:21:51,681 [INFO] DetailPanel:309 - Set advertising image to C:/Users/Minh Duc Quach/STM32Cube/Repository/\en.Prom_NBSTM32U50921.jpg
2022-09-18 11:21:52,688 [INFO] DbBoardsPdsc:90 - Found 25 items
2022-09-18 11:21:52,691 [INFO] DbBoardsPdsc:90 - Found 9 items
2022-09-18 11:21:52,696 [INFO] DbBoardsPdsc:90 - Found 33 items
2022-09-18 11:21:52,697 [INFO] DbBoardsPdsc:90 - Found 1 items
2022-09-18 11:21:52,706 [INFO] DbBoardsPdsc:90 - Found 48 items
2022-09-18 11:21:52,715 [INFO] DbBoardsPdsc:90 - Found 43 items
2022-09-18 11:21:52,718 [INFO] DbBoardsPdsc:90 - Found 2 items
2022-09-18 11:21:52,720 [INFO] DbBoardsPdsc:90 - Found 5 items
2022-09-18 11:21:52,725 [WARN] DbBoardsPdsc:254 - Board STM32H7B3I-DK: unknown feature type=Audio, name=, username=Audio stereo codec with Headphone Amp (CS42L51-CNZ), n=1
2022-09-18 11:21:52,726 [WARN] DbBoardsPdsc:254 - Board STM32H735G-DK: unknown feature type=Audio, name=, username=Audio stereo codec with Headphone Amp (WM8994ECS/R), n=1
2022-09-18 11:21:52,728 [WARN] DbBoardsPdsc:254 - Board STM32H7B3I-EVAL: unknown feature type=Audio, name=, username=Multi-Channel Audio Codec (CS42L51-CNZ), n=1
2022-09-18 11:21:52,728 [WARN] DbBoardsPdsc:254 - Board STM32H7B3I-EVAL: unknown feature type=Meter, name=, username=Power-metering and Temperature-monitoring with sigma-delta modulators, n=1
2022-09-18 11:21:52,728 [WARN] DbBoardsPdsc:254 - Board STM32H7B3I-EVAL: unknown feature type=Motor, name=, username=Motor Control, n=1
2022-09-18 11:21:52,729 [WARN] DbBoardsPdsc:254 - Board STM32U575I-EV: unknown feature type=joystick, name=, username=4-direction joystick with selection button, n=1
2022-09-18 11:21:52,770 [INFO] DbBoardsJson:86 - JSON generation date=Tue Nov 16 23:17:54 ICT 2021 (1637079474)
2022-09-18 11:21:52,781 [INFO] DbBoards:117 - Found 167 boards (163 are supported by CubeMX)
2022-09-18 11:21:52,786 [INFO] DbBoardsDocs:143 - JSON generation date=Tue Nov 16 23:17:54 ICT 2021 (1637079474)
2022-09-18 11:21:52,793 [INFO] DbBoardsDocs:79 - Found 209 boards documents
2022-09-18 11:21:52,794 [WARN] DbBoards:127 - board B-L475E-IOT01A2 has no document id list !
2022-09-18 11:21:52,797 [WARN] DbBoards:127 - board NUCLEO-H743ZI has no document id list !
2022-09-18 11:21:52,799 [WARN] DbBoards:127 - board NUCLEO-WL55JC2 has no document id list !
2022-09-18 11:21:52,799 [WARN] DbBoards:127 - board P-NUCLEO-WB55-Nucleo has no document id list !
2022-09-18 11:21:52,799 [WARN] DbBoards:127 - board P-NUCLEO-WB55-USBDongle has no document id list !
2022-09-18 11:21:52,800 [WARN] DbBoards:127 - board STEVAL-BFA001V1B has no document id list !
2022-09-18 11:21:52,800 [WARN] DbBoards:127 - board STEVAL-BFA001V2B has no document id list !
2022-09-18 11:21:52,800 [WARN] DbBoards:127 - board STEVAL-IDP005V1 has no document id list !
2022-09-18 11:21:52,800 [WARN] DbBoards:127 - board STEVAL-IDP005V2 has no document id list !
2022-09-18 11:21:52,801 [WARN] DbBoards:127 - board STEVAL-MKSBOX1V1 has no document id list !
2022-09-18 11:21:52,801 [WARN] DbBoards:127 - board STEVAL-STWINKT1 has no document id list !
2022-09-18 11:21:52,801 [WARN] DbBoards:127 - board STEVAL-STWINKT1B has no document id list !
2022-09-18 11:21:52,801 [WARN] DbBoards:127 - board STM32439I-EVAL2 has no document id list !
2022-09-18 11:21:52,802 [WARN] DbBoards:127 - board STM32F401C-DISCO has no document id list !
2022-09-18 11:21:52,803 [WARN] DbBoards:127 - board STM32F769I-DISC1 has no document id list !
2022-09-18 11:21:52,804 [WARN] DbBoards:127 - board STM32G474E-EVAL1 has no document id list !
2022-09-18 11:21:52,804 [WARN] DbBoards:127 - board STM32H743I-EVAL2 has no document id list !
2022-09-18 11:21:52,804 [WARN] DbBoards:127 - board STM32H747I-DISC1 has no document id list !
2022-09-18 11:21:52,805 [WARN] DbBoards:127 - board STM32H753I-EVAL2 has no document id list !
2022-09-18 11:21:52,805 [WARN] DbBoards:127 - board STM32L-DISCOVERY has no document id list !
2022-09-18 11:21:53,009 [ERROR] DbBoards:189 - Image file not found for board B-U585I-IOT02A: C:\ST\STM32CubeIDE_1.7.0\STM32CubeIDE\plugins\com.st.stm32cube.common.mx_6.3.0.202107141111\\db\/plugins/mcufinder/images/boards/B-U585I-IOT02A_small.jpg
2022-09-18 11:21:53,201 [ERROR] DbBoards:189 - Image file not found for board NUCLEO-F413ZH: C:\ST\STM32CubeIDE_1.7.0\STM32CubeIDE\plugins\com.st.stm32cube.common.mx_6.3.0.202107141111\\db\/plugins/mcufinder/images/boards/nucleo-f413zh_small.jpg
2022-09-18 11:21:53,476 [ERROR] DbBoards:189 - Image file not found for board NUCLEO-L552ZE-Q: C:\ST\STM32CubeIDE_1.7.0\STM32CubeIDE\plugins\com.st.stm32cube.common.mx_6.3.0.202107141111\\db\/plugins/mcufinder/images/boards/nucleo_l552ze_q_small.jpg
2022-09-18 11:21:53,476 [ERROR] DbBoards:189 - Image file not found for board NUCLEO-U575ZI-Q: C:\ST\STM32CubeIDE_1.7.0\STM32CubeIDE\plugins\com.st.stm32cube.common.mx_6.3.0.202107141111\\db\/plugins/mcufinder/images/boards/nucleo-u575zi-q_small.jpg
2022-09-18 11:21:53,477 [ERROR] DbBoards:189 - Image file not found for board NUCLEO-WB15CC: C:\ST\STM32CubeIDE_1.7.0\STM32CubeIDE\plugins\com.st.stm32cube.common.mx_6.3.0.202107141111\\db\/plugins/mcufinder/images/boards/nucleo-wb15cc_small.jpg
2022-09-18 11:21:53,477 [ERROR] DbBoards:189 - Image file not found for board NUCLEO-WB55RG: C:\ST\STM32CubeIDE_1.7.0\STM32CubeIDE\plugins\com.st.stm32cube.common.mx_6.3.0.202107141111\\db\/plugins/mcufinder/images/boards/nucleo-wb55rg_small.jpg
2022-09-18 11:21:55,007 [INFO] ApiDb:251 - Load user favorites file C:\Users\Minh Duc Quach/.stm32cubeide/favorites.boards.txt: 0 item(s)
2022-09-18 11:21:55,007 [INFO] ApiDb:255 - User favorites Boards=[]
2022-09-18 11:21:55,007 [INFO] DbBoards:206 - Set 0 / 0 favorites Boards
2022-09-18 11:22:16,873 [INFO] MainUpdater:2671 - connection check result : 10
2022-09-18 11:22:16,875 [INFO] MainUpdater:2671 - connection check result : 10
2022-09-18 11:22:16,946 [INFO] MicroXplorer:448 - Change Database Path : 
2022-09-18 11:22:16,946 [INFO] MicroXplorer:478 - Change Database Version : DB.6.0.30
2022-09-18 11:22:16,948 [WARN] ThirdParty:813 - waiting for thirdparty lock release [close project]
2022-09-18 11:22:16,948 [INFO] ThirdParty:815 - entering critical section [close project]
2022-09-18 11:22:16,950 [INFO] ThirdParty:825 - exiting critical section [close project]
2022-09-18 11:22:16,958 [INFO] PinOutPanel:1463 - setPackage(No Configuration,No Configuration)
2022-09-18 11:22:16,959 [INFO] UtilMem:74 - Begin LoadConfig() Used Memory: 546980232 Bytes (834666496)
2022-09-18 11:22:16,961 [INFO] MicroXplorer:448 - Change Database Path : 
2022-09-18 11:22:16,962 [INFO] MicroXplorer:478 - Change Database Version : DB.6.0.30
2022-09-18 11:22:16,962 [INFO] OpenFileManager:313 - Change cursor
2022-09-18 11:22:19,090 [INFO] Context:592 - Trying to add GPIOservice into a context  which must be forbidden
2022-09-18 11:22:19,673 [WARN] ApiManager:304 - Cannot register API 'Board Extension:GNSS1A1' from pack STMicroelectronics.X-CUBE-GNSS1.6.0.0: no header file found
2022-09-18 11:22:19,674 [WARN] ApiManager:304 - Cannot register API 'Board Support:Custom' from pack STMicroelectronics.X-CUBE-GNSS1.6.0.0: no header file found
2022-09-18 11:22:19,674 [WARN] ApiManager:304 - Cannot register API 'Data Exchange:lib_gnss' from pack STMicroelectronics.X-CUBE-GNSS1.6.0.0: no header file found
2022-09-18 11:22:19,698 [WARN] ModelIntegratedComponent:60 - No mode defined for component null
2022-09-18 11:22:19,698 [WARN] ModelIntegratedComponent:60 - No mode defined for component null
2022-09-18 11:22:19,698 [WARN] ModelIntegratedComponent:60 - No mode defined for component null
2022-09-18 11:22:19,698 [WARN] ModelIntegratedComponent:60 - No mode defined for component null
2022-09-18 11:22:19,698 [WARN] ModelIntegratedComponent:60 - No mode defined for component null
2022-09-18 11:22:19,698 [WARN] ModelIntegratedComponent:60 - No mode defined for component null
2022-09-18 11:22:19,698 [WARN] ModelIntegratedComponent:60 - No mode defined for component null
2022-09-18 11:22:19,699 [WARN] ModelIntegratedComponent:60 - No mode defined for component null
2022-09-18 11:22:19,699 [WARN] ModelIntegratedComponent:60 - No mode defined for component null
2022-09-18 11:22:19,699 [WARN] ModelIntegratedComponent:60 - No mode defined for component null
2022-09-18 11:22:19,699 [WARN] ModelIntegratedComponent:60 - No mode defined for component null
2022-09-18 11:22:19,699 [WARN] ModelIntegratedComponent:60 - No mode defined for component null
2022-09-18 11:22:19,699 [WARN] ModelIntegratedComponent:60 - No mode defined for component null
2022-09-18 11:22:19,699 [WARN] ModelIntegratedComponent:60 - No mode defined for component null
2022-09-18 11:22:19,699 [WARN] ModelIntegratedComponent:60 - No mode defined for component null
2022-09-18 11:22:19,700 [WARN] ModelIntegratedComponent:60 - No mode defined for component null
2022-09-18 11:22:19,700 [WARN] ModelIntegratedComponent:60 - No mode defined for component null
2022-09-18 11:22:19,700 [WARN] ModelIntegratedComponent:60 - No mode defined for component null
2022-09-18 11:22:19,700 [WARN] ModelIntegratedComponent:60 - No mode defined for component null
2022-09-18 11:22:19,700 [WARN] ModelIntegratedComponent:60 - No mode defined for component null
2022-09-18 11:22:19,700 [WARN] ModelIntegratedComponent:60 - No mode defined for component null
2022-09-18 11:22:19,700 [WARN] ModelIntegratedComponent:60 - No mode defined for component null
2022-09-18 11:22:19,701 [WARN] ModelIntegratedComponent:60 - No mode defined for component null
2022-09-18 11:22:19,701 [WARN] ModelIntegratedComponent:60 - No mode defined for component null
2022-09-18 11:22:19,701 [WARN] ModelIntegratedComponent:60 - No mode defined for component null
2022-09-18 11:22:19,701 [WARN] ModelIntegratedComponent:60 - No mode defined for component null
2022-09-18 11:22:19,701 [WARN] ModelIntegratedComponent:60 - No mode defined for component null
2022-09-18 11:22:19,701 [WARN] ModelIntegratedComponent:60 - No mode defined for component null
2022-09-18 11:22:19,702 [WARN] ModelIntegratedComponent:60 - No mode defined for component null
2022-09-18 11:22:19,702 [WARN] ModelIntegratedComponent:60 - No mode defined for component null
2022-09-18 11:22:19,702 [WARN] ModelIntegratedComponent:60 - No mode defined for component null
2022-09-18 11:22:19,707 [WARN] ApiManager:304 - Cannot register API 'Board Extension:NFC07A1' from pack STMicroelectronics.X-CUBE-NFC7.1.0.0: no header file found
2022-09-18 11:22:19,983 [WARN] ApiManager:304 - Cannot register API 'Board Extension:IKS01A3' from pack STMicroelectronics.X-CUBE-MEMS1.9.3.0: no header file found
2022-09-18 11:22:19,983 [WARN] ApiManager:304 - Cannot register API 'Board Extension:IKS01A2' from pack STMicroelectronics.X-CUBE-MEMS1.9.3.0: no header file found
2022-09-18 11:22:19,983 [WARN] ApiManager:304 - Cannot register API 'Board Extension:IKS02A1' from pack STMicroelectronics.X-CUBE-MEMS1.9.3.0: no header file found
2022-09-18 11:22:19,997 [WARN] ApiManager:304 - Cannot register API 'Wireless:BlueNRG-MS' from pack STMicroelectronics.X-CUBE-BLE1.6.2.3: no header file found
2022-09-18 11:22:20,000 [INFO] RtosManager:484 - Registered RTOS mode: class=CMSIS, group=RTOS, mode=CMSIS_V1, owner=FREERTOS
2022-09-18 11:22:20,000 [INFO] RtosManager:484 - Registered RTOS mode: class=CMSIS, group=RTOS2, mode=CMSIS_V2, owner=FREERTOS
2022-09-18 11:22:20,000 [INFO] RtosManager:484 - Registered RTOS mode: class=RTOS, group=Core, mode=CMSIS_V1, owner=FREERTOS
2022-09-18 11:22:20,000 [INFO] RtosManager:484 - Registered RTOS mode: class=RTOS, group=Core, mode=CMSIS_V2, owner=FREERTOS
2022-09-18 11:22:20,000 [WARN] ModelIntegratedComponent:181 - Missing modes for component STMicroelectronics:FreeRTOS:0.0.1:STMicroelectronics:RTOS:FreeRTOS:Core:::10.2.0:
2022-09-18 11:22:20,006 [WARN] ApiManager:304 - Cannot register API 'Board Extension:S2868A1' from pack STMicroelectronics.X-CUBE-SUBG2.5.0.0: no header file found
2022-09-18 11:22:20,006 [WARN] ApiManager:304 - Cannot register API 'Board Extension:S2868A2' from pack STMicroelectronics.X-CUBE-SUBG2.5.0.0: no header file found
2022-09-18 11:22:20,007 [WARN] ApiManager:304 - Cannot register API 'Board Extension:S2915A1' from pack STMicroelectronics.X-CUBE-SUBG2.5.0.0: no header file found
2022-09-18 11:22:20,011 [WARN] ApiManager:304 - Cannot register API 'Board Extension:EEPRMA1' from pack STMicroelectronics.X-CUBE-EEPRMA1.3.1.1: no header file found
2022-09-18 11:22:20,011 [WARN] ApiManager:304 - Cannot register API 'Board Extension:EEPRMA2' from pack STMicroelectronics.X-CUBE-EEPRMA1.3.1.1: no header file found
2022-09-18 11:22:20,012 [WARN] ApiManager:304 - Cannot register API 'Board Extension:S2868A1' from pack STMicroelectronics.X-CUBE-SFXS2LP1.4.0.0: no header file found
2022-09-18 11:22:20,012 [WARN] ApiManager:304 - Cannot register API 'Board Extension:S2868A2' from pack STMicroelectronics.X-CUBE-SFXS2LP1.4.0.0: no header file found
2022-09-18 11:22:20,012 [WARN] ApiManager:304 - Cannot register API 'Board Extension:S2915A1' from pack STMicroelectronics.X-CUBE-SFXS2LP1.4.0.0: no header file found
2022-09-18 11:22:20,013 [WARN] ApiManager:304 - Cannot register API 'Wireless:BlueNRG-2' from pack STMicroelectronics.X-CUBE-BLE2.3.3.0: no header file found
2022-09-18 11:22:20,014 [WARN] ApiManager:304 - Cannot register API 'Board Extension:NFC04A1' from pack STMicroelectronics.X-CUBE-NFC4.2.0.4: no header file found
2022-09-18 11:22:22,295 [INFO] UtilMem:74 - End LoadConfig() Used Memory: 568042880 Bytes (834666496)
2022-09-18 11:22:22,297 [WARN] ThirdParty:779 - waiting for thirdparty lock release [change project]
2022-09-18 11:22:22,298 [INFO] ThirdParty:781 - entering critical section [change project]
2022-09-18 11:22:22,298 [INFO] ThirdParty:967 - CMSIS Pack Vendor :RoweBots I-CUBE-UNISONRTOS 5.5.0-4
2022-09-18 11:22:22,298 [INFO] ThirdParty:967 - CMSIS Pack Vendor :STMicroelectronics X-CUBE-GNSS1 6.0.0
2022-09-18 11:22:22,298 [INFO] ThirdParty:967 - CMSIS Pack Vendor :STMicroelectronics X-CUBE-AZRTOS-H7 2.1.0
2022-09-18 11:22:22,298 [INFO] ThirdParty:967 - CMSIS Pack Vendor :STMicroelectronics USB_HOST 2.0.0
2022-09-18 11:22:22,298 [INFO] ThirdParty:967 - CMSIS Pack Vendor :STMicroelectronics X-CUBE-AZRTOS-F4 1.1.0
2022-09-18 11:22:22,298 [INFO] ThirdParty:967 - CMSIS Pack Vendor :STMicroelectronics X-CUBE-AZRTOS-G4 1.0.0
2022-09-18 11:22:22,298 [INFO] ThirdParty:967 - CMSIS Pack Vendor :STMicroelectronics X-CUBE-AZRTOS-L4 1.0.0
2022-09-18 11:22:22,299 [INFO] ThirdParty:967 - CMSIS Pack Vendor :STMicroelectronics USB_DEVICE 3.0.0
2022-09-18 11:22:22,299 [INFO] ThirdParty:967 - CMSIS Pack Vendor :wolfSSL I-CUBE-wolfSSL 5.5.0
2022-09-18 11:22:22,299 [INFO] ThirdParty:967 - CMSIS Pack Vendor :STMicroelectronics HAL Drivers 0.0.0
2022-09-18 11:22:22,299 [INFO] ThirdParty:967 - CMSIS Pack Vendor :STMicroelectronics MBEDTLS 2.16.2
2022-09-18 11:22:22,299 [INFO] ThirdParty:967 - CMSIS Pack Vendor :emotas I-CUBE-CANOPEN 1.1.2
2022-09-18 11:22:22,299 [INFO] ThirdParty:967 - CMSIS Pack Vendor :STMicroelectronics X-CUBE-TOUCHGFX 4.20.0
2022-09-18 11:22:22,300 [INFO] ThirdParty:967 - CMSIS Pack Vendor :STMicroelectronics MBEDTLS 2.14.1
2022-09-18 11:22:22,300 [INFO] ThirdParty:967 - CMSIS Pack Vendor :STMicroelectronics X-CUBE-NFC7 1.0.0
2022-09-18 11:22:22,300 [INFO] ThirdParty:967 - CMSIS Pack Vendor :STMicroelectronics X-CUBE-BLEMGR 1.0.0
2022-09-18 11:22:22,300 [INFO] ThirdParty:967 - CMSIS Pack Vendor :STMicroelectronics X-CUBE-AZRTOS-WL 1.0.0
2022-09-18 11:22:22,300 [INFO] ThirdParty:967 - CMSIS Pack Vendor :STMicroelectronics X-CUBE-AZRTOS-F7 1.1.0
2022-09-18 11:22:22,300 [INFO] ThirdParty:967 - CMSIS Pack Vendor :STMicroelectronics X-CUBE-MEMS1 9.3.0
2022-09-18 11:22:22,300 [INFO] ThirdParty:967 - CMSIS Pack Vendor :portGmbH I-Cube-SoM-uGOAL 1.1.0
2022-09-18 11:22:22,301 [INFO] ThirdParty:967 - CMSIS Pack Vendor :STMicroelectronics X-CUBE-ALS 1.0.1
2022-09-18 11:22:22,301 [INFO] ThirdParty:967 - CMSIS Pack Vendor :STMicroelectronics USB_DEVICE 2.0.0
2022-09-18 11:22:22,301 [INFO] ThirdParty:967 - CMSIS Pack Vendor :STMicroelectronics X-CUBE-AI 7.2.0
2022-09-18 11:22:22,301 [INFO] ThirdParty:967 - CMSIS Pack Vendor :STMicroelectronics X-CUBE-BLE1 6.2.3
2022-09-18 11:22:22,301 [INFO] ThirdParty:967 - CMSIS Pack Vendor :STMicroelectronics X-CUBE-ALGOBUILD 1.3.0
2022-09-18 11:22:22,301 [INFO] ThirdParty:967 - CMSIS Pack Vendor :STMicroelectronics X-CUBE-AZRTOS-L5 1.0.0
2022-09-18 11:22:22,301 [INFO] ThirdParty:967 - CMSIS Pack Vendor :STMicroelectronics FreeRTOS 0.0.1
2022-09-18 11:22:22,301 [INFO] ThirdParty:967 - CMSIS Pack Vendor :STMicroelectronics X-CUBE-AZRTOS-G0 1.1.0
2022-09-18 11:22:22,302 [INFO] ThirdParty:967 - CMSIS Pack Vendor :STMicroelectronics USB_DEVICE 1.0.0
2022-09-18 11:22:22,302 [INFO] ThirdParty:967 - CMSIS Pack Vendor :STMicroelectronics X-CUBE-SUBG2 5.0.0
2022-09-18 11:22:22,302 [INFO] ThirdParty:967 - CMSIS Pack Vendor :SEGGER I-CUBE-embOS 1.2.0
2022-09-18 11:22:22,302 [INFO] ThirdParty:967 - CMSIS Pack Vendor :STMicroelectronics X-CUBE-EEPRMA1 3.1.1
2022-09-18 11:22:22,302 [INFO] ThirdParty:967 - CMSIS Pack Vendor :STMicroelectronics ThreadX 0.0.2
2022-09-18 11:22:22,302 [INFO] ThirdParty:967 - CMSIS Pack Vendor :STMicroelectronics lwIP 2.0.3
2022-09-18 11:22:22,302 [INFO] ThirdParty:967 - CMSIS Pack Vendor :STMicroelectronics lwIP 2.1.2
2022-09-18 11:22:22,303 [INFO] ThirdParty:967 - CMSIS Pack Vendor :STMicroelectronics X-CUBE-SFXS2LP1 4.0.0
2022-09-18 11:22:22,303 [INFO] ThirdParty:967 - CMSIS Pack Vendor :STMicroelectronics X-CUBE-BLE2 3.3.0
2022-09-18 11:22:22,303 [INFO] ThirdParty:967 - CMSIS Pack Vendor :STMicroelectronics X-CUBE-NFC4 2.0.4
2022-09-18 11:22:22,303 [INFO] ThirdParty:967 - CMSIS Pack Vendor :STMicroelectronics USB_HOST 1.0.0
2022-09-18 11:22:22,303 [INFO] ThirdParty:967 - CMSIS Pack Vendor :STMicroelectronics X-CUBE-DISPLAY 2.2.0
2022-09-18 11:22:22,303 [INFO] ThirdParty:967 - CMSIS Pack Vendor :STMicroelectronics PDM2PCM 3.1.0
2022-09-18 11:22:22,303 [INFO] ThirdParty:967 - CMSIS Pack Vendor :STMicroelectronics FP-ATR-ASTRA1 1.1.1
2022-09-18 11:22:22,304 [INFO] ThirdParty:967 - CMSIS Pack Vendor :STMicroelectronics PDM2PCM 3.2.0
2022-09-18 11:22:22,304 [INFO] ThirdParty:967 - CMSIS Pack Vendor :STMicroelectronics PDM2PCM 3.3.0
2022-09-18 11:22:22,304 [INFO] ThirdParty:967 - CMSIS Pack Vendor :STMicroelectronics X-CUBE-TOF1 3.1.0
2022-09-18 11:22:22,304 [INFO] ThirdParty:967 - CMSIS Pack Vendor :STMicroelectronics X-CUBE-ISPU 1.0.0
2022-09-18 11:22:22,304 [INFO] ThirdParty:787 - exiting critical section [change project]
2022-09-18 11:22:22,643 [INFO] PinOutPanel:1463 - setPackage(No Configuration,No Configuration)
2022-09-18 11:22:22,645 [INFO] PinOutPanel:1463 - setPackage(STM32F103C6Ux,UFQFPN48)
2022-09-18 11:22:23,285 [INFO] UtilMem:74 - Before build in PCC Used Memory: 670279040 Bytes (834666496)
2022-09-18 11:22:24,254 [INFO] UtilMem:74 - After build in PCC Used Memory: 629835264 Bytes (834666496)
2022-09-18 11:22:24,290 [INFO] IPUIPlugin:74 - create IPUIPlugin
2022-09-18 11:22:24,290 [INFO] IPUIPlugin:74 - create IPUIPlugin
2022-09-18 11:22:24,290 [INFO] IPUIPlugin:74 - create IPUIPlugin
2022-09-18 11:22:24,290 [INFO] IPUIPlugin:74 - create IPUIPlugin
2022-09-18 11:22:24,291 [INFO] IPUIPlugin:74 - create IPUIPlugin
2022-09-18 11:22:24,291 [INFO] IPUIPlugin:74 - create IPUIPlugin
2022-09-18 11:22:24,291 [INFO] IPUIPlugin:74 - create IPUIPlugin
2022-09-18 11:22:24,291 [INFO] IPUIPlugin:74 - create IPUIPlugin
2022-09-18 11:22:24,291 [INFO] IPUIPlugin:74 - create IPUIPlugin
2022-09-18 11:22:24,292 [INFO] IPUIPlugin:74 - create IPUIPlugin
2022-09-18 11:22:24,292 [INFO] IPUIPlugin:74 - create IPUIPlugin
2022-09-18 11:22:24,292 [INFO] IPUIPlugin:74 - create IPUIPlugin
2022-09-18 11:22:24,293 [INFO] IPUIPlugin:74 - create IPUIPlugin
2022-09-18 11:22:24,293 [INFO] IPUIPlugin:74 - create IPUIPlugin
2022-09-18 11:22:24,293 [INFO] IPUIPlugin:74 - create IPUIPlugin
2022-09-18 11:22:24,294 [INFO] IPUIPlugin:74 - create IPUIPlugin
2022-09-18 11:22:24,294 [INFO] IPUIPlugin:74 - create IPUIPlugin
2022-09-18 11:22:24,294 [INFO] IPUIPlugin:74 - create IPUIPlugin
2022-09-18 11:22:24,295 [INFO] IPUIPlugin:74 - create IPUIPlugin
2022-09-18 11:22:24,296 [INFO] IPUIPlugin:74 - create IPUIPlugin
2022-09-18 11:22:24,297 [INFO] IPUIPlugin:74 - create IPUIPlugin
2022-09-18 11:22:24,298 [INFO] IPUIPlugin:74 - create IPUIPlugin
2022-09-18 11:22:24,298 [INFO] IPUIPlugin:74 - create IPUIPlugin
2022-09-18 11:22:24,481 [INFO] OpenFileManager:333 - Restore cursor
2022-09-18 11:22:24,949 [INFO] UtilMem:74 - End SaveConfig() Used Memory: 556783664 Bytes (834666496)
2022-09-18 11:22:25,103 [INFO] UtilMem:74 - End SaveConfig() Used Memory: 580850312 Bytes (834666496)
2022-09-18 11:22:25,872 [INFO] BlockDiagram:2740 - set Specific Code input for plugin: NVIC
2022-09-18 11:22:25,872 [INFO] BlockDiagram:2740 - set Specific Code input for plugin: SYS
2022-09-18 11:22:25,873 [INFO] BlockDiagram:2740 - set Specific Code input for plugin: GPIO
2022-09-18 11:22:25,873 [INFO] BlockDiagram:2740 - set Specific Code input for plugin: RCC
2022-09-18 11:22:25,972 [INFO] CodeGenerator:663 - code generatio: config db path: C:\ST\STM32CubeIDE_1.7.0\STM32CubeIDE\plugins\com.st.stm32cube.common.mx_6.3.0.202107141111\\db\
2022-09-18 11:22:26,748 [INFO] CodeEngine:239 - oldGeneratedFile, F:\Minh Duc\STUDY\HCMUT\Junior\221\MPU - MCU\Labs\Lab Exercises\Lab 1\Lab1_Ex9\MXTmpFiles\license.tmp_save
2022-09-18 11:22:27,347 [INFO] CodeEngine:257 - Generated code: F:\Minh Duc\STUDY\HCMUT\Junior\221\MPU - MCU\Labs\Lab Exercises\Lab 1\Lab1_Ex9\MXTmpFiles\license.tmp
2022-09-18 11:22:27,513 [INFO] CodeEngine:239 - oldGeneratedFile, F:\Minh Duc\STUDY\HCMUT\Junior\221\MPU - MCU\Labs\Lab Exercises\Lab 1\Lab1_Ex9\MXTmpFiles\gpio.tmp_save
2022-09-18 11:22:27,685 [INFO] CodeEngine:257 - Generated code: F:\Minh Duc\STUDY\HCMUT\Junior\221\MPU - MCU\Labs\Lab Exercises\Lab 1\Lab1_Ex9\MXTmpFiles\gpio.tmp
2022-09-18 11:22:27,805 [INFO] CodeEngine:239 - oldGeneratedFile, F:\Minh Duc\STUDY\HCMUT\Junior\221\MPU - MCU\Labs\Lab Exercises\Lab 1\Lab1_Ex9\Core\Src\stm32f1xx_it.c_save
2022-09-18 11:22:27,984 [INFO] CodeEngine:257 - Generated code: F:\Minh Duc\STUDY\HCMUT\Junior\221\MPU - MCU\Labs\Lab Exercises\Lab 1\Lab1_Ex9\Core\Src\stm32f1xx_it.c
2022-09-18 11:22:27,989 [INFO] CodeEngine:239 - oldGeneratedFile, F:\Minh Duc\STUDY\HCMUT\Junior\221\MPU - MCU\Labs\Lab Exercises\Lab 1\Lab1_Ex9\Core\Inc\stm32f1xx_it.h_save
2022-09-18 11:22:28,102 [INFO] CodeEngine:257 - Generated code: F:\Minh Duc\STUDY\HCMUT\Junior\221\MPU - MCU\Labs\Lab Exercises\Lab 1\Lab1_Ex9\Core\Inc\stm32f1xx_it.h
2022-09-18 11:22:28,117 [INFO] CodeEngine:239 - oldGeneratedFile, F:\Minh Duc\STUDY\HCMUT\Junior\221\MPU - MCU\Labs\Lab Exercises\Lab 1\Lab1_Ex9\Core\Src\stm32f1xx_hal_msp.c_save
2022-09-18 11:22:28,312 [INFO] CodeEngine:257 - Generated code: F:\Minh Duc\STUDY\HCMUT\Junior\221\MPU - MCU\Labs\Lab Exercises\Lab 1\Lab1_Ex9\Core\Src\stm32f1xx_hal_msp.c
2022-09-18 11:22:28,318 [INFO] CodeEngine:239 - oldGeneratedFile, F:\Minh Duc\STUDY\HCMUT\Junior\221\MPU - MCU\Labs\Lab Exercises\Lab 1\Lab1_Ex9\MXTmpFiles\system.tmp_save
2022-09-18 11:22:28,427 [INFO] CodeEngine:257 - Generated code: F:\Minh Duc\STUDY\HCMUT\Junior\221\MPU - MCU\Labs\Lab Exercises\Lab 1\Lab1_Ex9\MXTmpFiles\system.tmp
2022-09-18 11:22:28,439 [INFO] CodeEngine:239 - oldGeneratedFile, F:\Minh Duc\STUDY\HCMUT\Junior\221\MPU - MCU\Labs\Lab Exercises\Lab 1\Lab1_Ex9\Core\Inc\stm32f1xx_hal_conf.h_save
2022-09-18 11:22:28,591 [INFO] CodeEngine:257 - Generated code: F:\Minh Duc\STUDY\HCMUT\Junior\221\MPU - MCU\Labs\Lab Exercises\Lab 1\Lab1_Ex9\Core\Inc\stm32f1xx_hal_conf.h
2022-09-18 11:22:28,651 [INFO] CodeEngine:239 - oldGeneratedFile, F:\Minh Duc\STUDY\HCMUT\Junior\221\MPU - MCU\Labs\Lab Exercises\Lab 1\Lab1_Ex9\Core\Inc\main.h_save
2022-09-18 11:22:28,767 [INFO] CodeEngine:257 - Generated code: F:\Minh Duc\STUDY\HCMUT\Junior\221\MPU - MCU\Labs\Lab Exercises\Lab 1\Lab1_Ex9\Core\Inc\main.h
2022-09-18 11:22:28,772 [INFO] CodeEngine:239 - oldGeneratedFile, F:\Minh Duc\STUDY\HCMUT\Junior\221\MPU - MCU\Labs\Lab Exercises\Lab 1\Lab1_Ex9\Core\Src\main.c_save
2022-09-18 11:22:28,953 [INFO] CodeEngine:257 - Generated code: F:\Minh Duc\STUDY\HCMUT\Junior\221\MPU - MCU\Labs\Lab Exercises\Lab 1\Lab1_Ex9\Core\Src\main.c
2022-09-18 11:22:30,703 [INFO] ProjectBuilder:2578 - Time for Copy HAL[1] : 311mS.
2022-09-18 11:22:30,714 [INFO] ProjectBuilder:3622 - Project Generator version: 3.14.1
2022-09-18 11:22:31,607 [INFO] ConfigFileManager:1271 - The Die is : DIE412
2022-09-18 11:22:31,639 [INFO] ApiDbMcu:468 - Load IP Config File for FATFS
2022-09-18 11:22:31,699 [INFO] ApiDbMcu:468 - Load IP Config File for FREERTOS
2022-09-18 11:22:31,745 [INFO] ApiDbMcu:468 - Load IP Config File for USB_DEVICE
2022-09-18 11:22:37,608 [INFO] ProjectBuilder:3789 - Time for Generating toolchain IDE Files: 6894mS.
2022-09-18 11:22:37,610 [INFO] ProjectBuilder:2457 - Time for Copy CMSIS : 1mS.
2022-09-18 11:22:37,612 [INFO] ProjectBuilder:2457 - Time for Copy CMSIS : 0mS.
2022-09-18 11:22:38,302 [INFO] McuFinderGlobals:52 - Set McuFinderConnectedMode to true
2022-09-18 11:22:38,306 [INFO] ApiDb:276 - Save user favorites file C:\Users\Minh Duc Quach/.stm32cubeide/favorites.mcus.txt: 0 item(s)
2022-09-18 11:22:38,307 [INFO] ApiDb:280 - User favorites MCUs=[]
